<?xml version="1.0" encoding="UTF-8"?>
<testsuite xmlns:xsi="http://www.w3.org/2001/XMLSchema-instance" xsi:noNamespaceSchemaLocation="https://maven.apache.org/surefire/maven-surefire-plugin/xsd/surefire-test-report.xsd" name="com.myweb.fxj.FxjApplicationTests" time="3.921" tests="1" errors="0" skipped="0" failures="0">
  <properties>
    <property name="sun.desktop" value="windows"/>
    <property name="awt.toolkit" value="sun.awt.windows.WToolkit"/>
    <property name="java.specification.version" value="11"/>
    <property name="sun.cpu.isalist" value="amd64"/>
    <property name="sun.jnu.encoding" value="GBK"/>
    <property name="java.class.path" value="D:\0\Java\Java Project\fxj\target\test-classes;D:\0\Java\Java Project\fxj\target\classes;D:\0\Java\maven\repository\org\springframework\boot\spring-boot-starter-web\2.6.6\spring-boot-starter-web-2.6.6.jar;D:\0\Java\maven\repository\org\springframework\boot\spring-boot-starter\2.6.6\spring-boot-starter-2.6.6.jar;D:\0\Java\maven\repository\org\springframework\boot\spring-boot-starter-logging\2.6.6\spring-boot-starter-logging-2.6.6.jar;D:\0\Java\maven\repository\ch\qos\logback\logback-classic\1.2.11\logback-classic-1.2.11.jar;D:\0\Java\maven\repository\ch\qos\logback\logback-core\1.2.11\logback-core-1.2.11.jar;D:\0\Java\maven\repository\org\apache\logging\log4j\log4j-to-slf4j\2.17.2\log4j-to-slf4j-2.17.2.jar;D:\0\Java\maven\repository\org\apache\logging\log4j\log4j-api\2.17.2\log4j-api-2.17.2.jar;D:\0\Java\maven\repository\org\slf4j\jul-to-slf4j\1.7.36\jul-to-slf4j-1.7.36.jar;D:\0\Java\maven\repository\jakarta\annotation\jakarta.annotation-api\1.3.5\jakarta.annotation-api-1.3.5.jar;D:\0\Java\maven\repository\org\yaml\snakeyaml\1.29\snakeyaml-1.29.jar;D:\0\Java\maven\repository\org\springframework\boot\spring-boot-starter-json\2.6.6\spring-boot-starter-json-2.6.6.jar;D:\0\Java\maven\repository\com\fasterxml\jackson\core\jackson-databind\2.13.2.2\jackson-databind-2.13.2.2.jar;D:\0\Java\maven\repository\com\fasterxml\jackson\core\jackson-core\2.13.2\jackson-core-2.13.2.jar;D:\0\Java\maven\repository\com\fasterxml\jackson\datatype\jackson-datatype-jdk8\2.13.2\jackson-datatype-jdk8-2.13.2.jar;D:\0\Java\maven\repository\com\fasterxml\jackson\datatype\jackson-datatype-jsr310\2.13.2\jackson-datatype-jsr310-2.13.2.jar;D:\0\Java\maven\repository\com\fasterxml\jackson\module\jackson-module-parameter-names\2.13.2\jackson-module-parameter-names-2.13.2.jar;D:\0\Java\maven\repository\org\springframework\boot\spring-boot-starter-tomcat\2.6.6\spring-boot-starter-tomcat-2.6.6.jar;D:\0\Java\maven\repository\org\apache\tomcat\embed\tomcat-embed-core\9.0.60\tomcat-embed-core-9.0.60.jar;D:\0\Java\maven\repository\org\apache\tomcat\embed\tomcat-embed-el\9.0.60\tomcat-embed-el-9.0.60.jar;D:\0\Java\maven\repository\org\apache\tomcat\embed\tomcat-embed-websocket\9.0.60\tomcat-embed-websocket-9.0.60.jar;D:\0\Java\maven\repository\org\springframework\spring-web\5.3.18\spring-web-5.3.18.jar;D:\0\Java\maven\repository\org\springframework\spring-beans\5.3.18\spring-beans-5.3.18.jar;D:\0\Java\maven\repository\org\springframework\spring-webmvc\5.3.18\spring-webmvc-5.3.18.jar;D:\0\Java\maven\repository\org\springframework\spring-aop\5.3.18\spring-aop-5.3.18.jar;D:\0\Java\maven\repository\org\springframework\spring-context\5.3.18\spring-context-5.3.18.jar;D:\0\Java\maven\repository\org\springframework\spring-expression\5.3.18\spring-expression-5.3.18.jar;D:\0\Java\maven\repository\org\springframework\boot\spring-boot-devtools\2.6.6\spring-boot-devtools-2.6.6.jar;D:\0\Java\maven\repository\org\springframework\boot\spring-boot\2.6.6\spring-boot-2.6.6.jar;D:\0\Java\maven\repository\org\springframework\boot\spring-boot-autoconfigure\2.6.6\spring-boot-autoconfigure-2.6.6.jar;D:\0\Java\maven\repository\org\springframework\boot\spring-boot-configuration-processor\2.6.6\spring-boot-configuration-processor-2.6.6.jar;D:\0\Java\maven\repository\org\projectlombok\lombok\1.18.22\lombok-1.18.22.jar;D:\0\Java\maven\repository\org\springframework\boot\spring-boot-starter-test\2.6.6\spring-boot-starter-test-2.6.6.jar;D:\0\Java\maven\repository\org\springframework\boot\spring-boot-test\2.6.6\spring-boot-test-2.6.6.jar;D:\0\Java\maven\repository\org\springframework\boot\spring-boot-test-autoconfigure\2.6.6\spring-boot-test-autoconfigure-2.6.6.jar;D:\0\Java\maven\repository\com\jayway\jsonpath\json-path\2.6.0\json-path-2.6.0.jar;D:\0\Java\maven\repository\net\minidev\json-smart\2.4.8\json-smart-2.4.8.jar;D:\0\Java\maven\repository\net\minidev\accessors-smart\2.4.8\accessors-smart-2.4.8.jar;D:\0\Java\maven\repository\org\ow2\asm\asm\9.1\asm-9.1.jar;D:\0\Java\maven\repository\jakarta\xml\bind\jakarta.xml.bind-api\2.3.3\jakarta.xml.bind-api-2.3.3.jar;D:\0\Java\maven\repository\jakarta\activation\jakarta.activation-api\1.2.2\jakarta.activation-api-1.2.2.jar;D:\0\Java\maven\repository\org\assertj\assertj-core\3.21.0\assertj-core-3.21.0.jar;D:\0\Java\maven\repository\org\hamcrest\hamcrest\2.2\hamcrest-2.2.jar;D:\0\Java\maven\repository\org\junit\jupiter\junit-jupiter\5.8.2\junit-jupiter-5.8.2.jar;D:\0\Java\maven\repository\org\junit\jupiter\junit-jupiter-api\5.8.2\junit-jupiter-api-5.8.2.jar;D:\0\Java\maven\repository\org\opentest4j\opentest4j\1.2.0\opentest4j-1.2.0.jar;D:\0\Java\maven\repository\org\junit\platform\junit-platform-commons\1.8.2\junit-platform-commons-1.8.2.jar;D:\0\Java\maven\repository\org\apiguardian\apiguardian-api\1.1.2\apiguardian-api-1.1.2.jar;D:\0\Java\maven\repository\org\junit\jupiter\junit-jupiter-params\5.8.2\junit-jupiter-params-5.8.2.jar;D:\0\Java\maven\repository\org\junit\jupiter\junit-jupiter-engine\5.8.2\junit-jupiter-engine-5.8.2.jar;D:\0\Java\maven\repository\org\junit\platform\junit-platform-engine\1.8.2\junit-platform-engine-1.8.2.jar;D:\0\Java\maven\repository\org\mockito\mockito-core\4.0.0\mockito-core-4.0.0.jar;D:\0\Java\maven\repository\net\bytebuddy\byte-buddy\1.11.22\byte-buddy-1.11.22.jar;D:\0\Java\maven\repository\net\bytebuddy\byte-buddy-agent\1.11.22\byte-buddy-agent-1.11.22.jar;D:\0\Java\maven\repository\org\objenesis\objenesis\3.2\objenesis-3.2.jar;D:\0\Java\maven\repository\org\mockito\mockito-junit-jupiter\4.0.0\mockito-junit-jupiter-4.0.0.jar;D:\0\Java\maven\repository\org\skyscreamer\jsonassert\1.5.0\jsonassert-1.5.0.jar;D:\0\Java\maven\repository\com\vaadin\external\google\android-json\0.0.20131108.vaadin1\android-json-0.0.20131108.vaadin1.jar;D:\0\Java\maven\repository\org\springframework\spring-core\5.3.18\spring-core-5.3.18.jar;D:\0\Java\maven\repository\org\springframework\spring-jcl\5.3.18\spring-jcl-5.3.18.jar;D:\0\Java\maven\repository\org\springframework\spring-test\5.3.18\spring-test-5.3.18.jar;D:\0\Java\maven\repository\org\xmlunit\xmlunit-core\2.8.4\xmlunit-core-2.8.4.jar;D:\0\Java\maven\repository\org\springframework\boot\spring-boot-starter-thymeleaf\2.6.6\spring-boot-starter-thymeleaf-2.6.6.jar;D:\0\Java\maven\repository\org\thymeleaf\thymeleaf-spring5\3.0.15.RELEASE\thymeleaf-spring5-3.0.15.RELEASE.jar;D:\0\Java\maven\repository\org\thymeleaf\thymeleaf\3.0.15.RELEASE\thymeleaf-3.0.15.RELEASE.jar;D:\0\Java\maven\repository\org\attoparser\attoparser\2.0.5.RELEASE\attoparser-2.0.5.RELEASE.jar;D:\0\Java\maven\repository\org\unbescape\unbescape\1.1.6.RELEASE\unbescape-1.1.6.RELEASE.jar;D:\0\Java\maven\repository\org\thymeleaf\extras\thymeleaf-extras-java8time\3.0.4.RELEASE\thymeleaf-extras-java8time-3.0.4.RELEASE.jar;D:\0\Java\maven\repository\com\baomidou\mybatis-plus-boot-starter\3.5.1\mybatis-plus-boot-starter-3.5.1.jar;D:\0\Java\maven\repository\com\baomidou\mybatis-plus\3.5.1\mybatis-plus-3.5.1.jar;D:\0\Java\maven\repository\com\baomidou\mybatis-plus-extension\3.5.1\mybatis-plus-extension-3.5.1.jar;D:\0\Java\maven\repository\com\baomidou\mybatis-plus-core\3.5.1\mybatis-plus-core-3.5.1.jar;D:\0\Java\maven\repository\com\baomidou\mybatis-plus-annotation\3.5.1\mybatis-plus-annotation-3.5.1.jar;D:\0\Java\maven\repository\com\github\jsqlparser\jsqlparser\4.3\jsqlparser-4.3.jar;D:\0\Java\maven\repository\org\mybatis\mybatis\3.5.9\mybatis-3.5.9.jar;D:\0\Java\maven\repository\org\mybatis\mybatis-spring\2.0.6\mybatis-spring-2.0.6.jar;D:\0\Java\maven\repository\org\springframework\boot\spring-boot-starter-jdbc\2.6.6\spring-boot-starter-jdbc-2.6.6.jar;D:\0\Java\maven\repository\com\zaxxer\HikariCP\4.0.3\HikariCP-4.0.3.jar;D:\0\Java\maven\repository\org\springframework\spring-jdbc\5.3.18\spring-jdbc-5.3.18.jar;D:\0\Java\maven\repository\org\springframework\spring-tx\5.3.18\spring-tx-5.3.18.jar;D:\0\Java\maven\repository\mysql\mysql-connector-java\8.0.16\mysql-connector-java-8.0.16.jar;D:\0\Java\maven\repository\io\springfox\springfox-swagger2\2.9.2\springfox-swagger2-2.9.2.jar;D:\0\Java\maven\repository\io\swagger\swagger-annotations\1.5.20\swagger-annotations-1.5.20.jar;D:\0\Java\maven\repository\io\swagger\swagger-models\1.5.20\swagger-models-1.5.20.jar;D:\0\Java\maven\repository\com\fasterxml\jackson\core\jackson-annotations\2.13.2\jackson-annotations-2.13.2.jar;D:\0\Java\maven\repository\io\springfox\springfox-spi\2.9.2\springfox-spi-2.9.2.jar;D:\0\Java\maven\repository\io\springfox\springfox-core\2.9.2\springfox-core-2.9.2.jar;D:\0\Java\maven\repository\io\springfox\springfox-schema\2.9.2\springfox-schema-2.9.2.jar;D:\0\Java\maven\repository\io\springfox\springfox-swagger-common\2.9.2\springfox-swagger-common-2.9.2.jar;D:\0\Java\maven\repository\io\springfox\springfox-spring-web\2.9.2\springfox-spring-web-2.9.2.jar;D:\0\Java\maven\repository\com\google\guava\guava\20.0\guava-20.0.jar;D:\0\Java\maven\repository\com\fasterxml\classmate\1.5.1\classmate-1.5.1.jar;D:\0\Java\maven\repository\org\slf4j\slf4j-api\1.7.36\slf4j-api-1.7.36.jar;D:\0\Java\maven\repository\org\springframework\plugin\spring-plugin-core\1.2.0.RELEASE\spring-plugin-core-1.2.0.RELEASE.jar;D:\0\Java\maven\repository\org\springframework\plugin\spring-plugin-metadata\1.2.0.RELEASE\spring-plugin-metadata-1.2.0.RELEASE.jar;D:\0\Java\maven\repository\org\mapstruct\mapstruct\1.2.0.Final\mapstruct-1.2.0.Final.jar;D:\0\Java\maven\repository\io\springfox\springfox-swagger-ui\2.9.2\springfox-swagger-ui-2.9.2.jar;"/>
    <property name="java.vm.vendor" value="Oracle Corporation"/>
    <property name="sun.arch.data.model" value="64"/>
    <property name="user.variant" value=""/>
    <property name="java.vendor.url" value="https://openjdk.java.net/"/>
    <property name="user.timezone" value="Asia/Shanghai"/>
    <property name="java.vm.specification.version" value="11"/>
    <property name="os.name" value="Windows 10"/>
    <property name="sun.java.launcher" value="SUN_STANDARD"/>
    <property name="user.country" value="CN"/>
    <property name="sun.boot.library.path" value="D:\0\Java\jdk11\bin"/>
    <property name="sun.java.command" value="C:\Users\ADMINI~1.DES\AppData\Local\Temp\surefire433632275792922765\surefirebooter1432597169847592214.jar C:\Users\Administrator.DESKTOP-UAN7HTN\AppData\Local\Temp\surefire433632275792922765 2022-06-03T14-22-59_305-jvmRun1 surefire10737324175998222828tmp surefire_07697360918501958220tmp"/>
    <property name="jdk.debug" value="release"/>
    <property name="surefire.test.class.path" value="D:\0\Java\Java Project\fxj\target\test-classes;D:\0\Java\Java Project\fxj\target\classes;D:\0\Java\maven\repository\org\springframework\boot\spring-boot-starter-web\2.6.6\spring-boot-starter-web-2.6.6.jar;D:\0\Java\maven\repository\org\springframework\boot\spring-boot-starter\2.6.6\spring-boot-starter-2.6.6.jar;D:\0\Java\maven\repository\org\springframework\boot\spring-boot-starter-logging\2.6.6\spring-boot-starter-logging-2.6.6.jar;D:\0\Java\maven\repository\ch\qos\logback\logback-classic\1.2.11\logback-classic-1.2.11.jar;D:\0\Java\maven\repository\ch\qos\logback\logback-core\1.2.11\logback-core-1.2.11.jar;D:\0\Java\maven\repository\org\apache\logging\log4j\log4j-to-slf4j\2.17.2\log4j-to-slf4j-2.17.2.jar;D:\0\Java\maven\repository\org\apache\logging\log4j\log4j-api\2.17.2\log4j-api-2.17.2.jar;D:\0\Java\maven\repository\org\slf4j\jul-to-slf4j\1.7.36\jul-to-slf4j-1.7.36.jar;D:\0\Java\maven\repository\jakarta\annotation\jakarta.annotation-api\1.3.5\jakarta.annotation-api-1.3.5.jar;D:\0\Java\maven\repository\org\yaml\snakeyaml\1.29\snakeyaml-1.29.jar;D:\0\Java\maven\repository\org\springframework\boot\spring-boot-starter-json\2.6.6\spring-boot-starter-json-2.6.6.jar;D:\0\Java\maven\repository\com\fasterxml\jackson\core\jackson-databind\2.13.2.2\jackson-databind-2.13.2.2.jar;D:\0\Java\maven\repository\com\fasterxml\jackson\core\jackson-core\2.13.2\jackson-core-2.13.2.jar;D:\0\Java\maven\repository\com\fasterxml\jackson\datatype\jackson-datatype-jdk8\2.13.2\jackson-datatype-jdk8-2.13.2.jar;D:\0\Java\maven\repository\com\fasterxml\jackson\datatype\jackson-datatype-jsr310\2.13.2\jackson-datatype-jsr310-2.13.2.jar;D:\0\Java\maven\repository\com\fasterxml\jackson\module\jackson-module-parameter-names\2.13.2\jackson-module-parameter-names-2.13.2.jar;D:\0\Java\maven\repository\org\springframework\boot\spring-boot-starter-tomcat\2.6.6\spring-boot-starter-tomcat-2.6.6.jar;D:\0\Java\maven\repository\org\apache\tomcat\embed\tomcat-embed-core\9.0.60\tomcat-embed-core-9.0.60.jar;D:\0\Java\maven\repository\org\apache\tomcat\embed\tomcat-embed-el\9.0.60\tomcat-embed-el-9.0.60.jar;D:\0\Java\maven\repository\org\apache\tomcat\embed\tomcat-embed-websocket\9.0.60\tomcat-embed-websocket-9.0.60.jar;D:\0\Java\maven\repository\org\springframework\spring-web\5.3.18\spring-web-5.3.18.jar;D:\0\Java\maven\repository\org\springframework\spring-beans\5.3.18\spring-beans-5.3.18.jar;D:\0\Java\maven\repository\org\springframework\spring-webmvc\5.3.18\spring-webmvc-5.3.18.jar;D:\0\Java\maven\repository\org\springframework\spring-aop\5.3.18\spring-aop-5.3.18.jar;D:\0\Java\maven\repository\org\springframework\spring-context\5.3.18\spring-context-5.3.18.jar;D:\0\Java\maven\repository\org\springframework\spring-expression\5.3.18\spring-expression-5.3.18.jar;D:\0\Java\maven\repository\org\springframework\boot\spring-boot-devtools\2.6.6\spring-boot-devtools-2.6.6.jar;D:\0\Java\maven\repository\org\springframework\boot\spring-boot\2.6.6\spring-boot-2.6.6.jar;D:\0\Java\maven\repository\org\springframework\boot\spring-boot-autoconfigure\2.6.6\spring-boot-autoconfigure-2.6.6.jar;D:\0\Java\maven\repository\org\springframework\boot\spring-boot-configuration-processor\2.6.6\spring-boot-configuration-processor-2.6.6.jar;D:\0\Java\maven\repository\org\projectlombok\lombok\1.18.22\lombok-1.18.22.jar;D:\0\Java\maven\repository\org\springframework\boot\spring-boot-starter-test\2.6.6\spring-boot-starter-test-2.6.6.jar;D:\0\Java\maven\repository\org\springframework\boot\spring-boot-test\2.6.6\spring-boot-test-2.6.6.jar;D:\0\Java\maven\repository\org\springframework\boot\spring-boot-test-autoconfigure\2.6.6\spring-boot-test-autoconfigure-2.6.6.jar;D:\0\Java\maven\repository\com\jayway\jsonpath\json-path\2.6.0\json-path-2.6.0.jar;D:\0\Java\maven\repository\net\minidev\json-smart\2.4.8\json-smart-2.4.8.jar;D:\0\Java\maven\repository\net\minidev\accessors-smart\2.4.8\accessors-smart-2.4.8.jar;D:\0\Java\maven\repository\org\ow2\asm\asm\9.1\asm-9.1.jar;D:\0\Java\maven\repository\jakarta\xml\bind\jakarta.xml.bind-api\2.3.3\jakarta.xml.bind-api-2.3.3.jar;D:\0\Java\maven\repository\jakarta\activation\jakarta.activation-api\1.2.2\jakarta.activation-api-1.2.2.jar;D:\0\Java\maven\repository\org\assertj\assertj-core\3.21.0\assertj-core-3.21.0.jar;D:\0\Java\maven\repository\org\hamcrest\hamcrest\2.2\hamcrest-2.2.jar;D:\0\Java\maven\repository\org\junit\jupiter\junit-jupiter\5.8.2\junit-jupiter-5.8.2.jar;D:\0\Java\maven\repository\org\junit\jupiter\junit-jupiter-api\5.8.2\junit-jupiter-api-5.8.2.jar;D:\0\Java\maven\repository\org\opentest4j\opentest4j\1.2.0\opentest4j-1.2.0.jar;D:\0\Java\maven\repository\org\junit\platform\junit-platform-commons\1.8.2\junit-platform-commons-1.8.2.jar;D:\0\Java\maven\repository\org\apiguardian\apiguardian-api\1.1.2\apiguardian-api-1.1.2.jar;D:\0\Java\maven\repository\org\junit\jupiter\junit-jupiter-params\5.8.2\junit-jupiter-params-5.8.2.jar;D:\0\Java\maven\repository\org\junit\jupiter\junit-jupiter-engine\5.8.2\junit-jupiter-engine-5.8.2.jar;D:\0\Java\maven\repository\org\junit\platform\junit-platform-engine\1.8.2\junit-platform-engine-1.8.2.jar;D:\0\Java\maven\repository\org\mockito\mockito-core\4.0.0\mockito-core-4.0.0.jar;D:\0\Java\maven\repository\net\bytebuddy\byte-buddy\1.11.22\byte-buddy-1.11.22.jar;D:\0\Java\maven\repository\net\bytebuddy\byte-buddy-agent\1.11.22\byte-buddy-agent-1.11.22.jar;D:\0\Java\maven\repository\org\objenesis\objenesis\3.2\objenesis-3.2.jar;D:\0\Java\maven\repository\org\mockito\mockito-junit-jupiter\4.0.0\mockito-junit-jupiter-4.0.0.jar;D:\0\Java\maven\repository\org\skyscreamer\jsonassert\1.5.0\jsonassert-1.5.0.jar;D:\0\Java\maven\repository\com\vaadin\external\google\android-json\0.0.20131108.vaadin1\android-json-0.0.20131108.vaadin1.jar;D:\0\Java\maven\repository\org\springframework\spring-core\5.3.18\spring-core-5.3.18.jar;D:\0\Java\maven\repository\org\springframework\spring-jcl\5.3.18\spring-jcl-5.3.18.jar;D:\0\Java\maven\repository\org\springframework\spring-test\5.3.18\spring-test-5.3.18.jar;D:\0\Java\maven\repository\org\xmlunit\xmlunit-core\2.8.4\xmlunit-core-2.8.4.jar;D:\0\Java\maven\repository\org\springframework\boot\spring-boot-starter-thymeleaf\2.6.6\spring-boot-starter-thymeleaf-2.6.6.jar;D:\0\Java\maven\repository\org\thymeleaf\thymeleaf-spring5\3.0.15.RELEASE\thymeleaf-spring5-3.0.15.RELEASE.jar;D:\0\Java\maven\repository\org\thymeleaf\thymeleaf\3.0.15.RELEASE\thymeleaf-3.0.15.RELEASE.jar;D:\0\Java\maven\repository\org\attoparser\attoparser\2.0.5.RELEASE\attoparser-2.0.5.RELEASE.jar;D:\0\Java\maven\repository\org\unbescape\unbescape\1.1.6.RELEASE\unbescape-1.1.6.RELEASE.jar;D:\0\Java\maven\repository\org\thymeleaf\extras\thymeleaf-extras-java8time\3.0.4.RELEASE\thymeleaf-extras-java8time-3.0.4.RELEASE.jar;D:\0\Java\maven\repository\com\baomidou\mybatis-plus-boot-starter\3.5.1\mybatis-plus-boot-starter-3.5.1.jar;D:\0\Java\maven\repository\com\baomidou\mybatis-plus\3.5.1\mybatis-plus-3.5.1.jar;D:\0\Java\maven\repository\com\baomidou\mybatis-plus-extension\3.5.1\mybatis-plus-extension-3.5.1.jar;D:\0\Java\maven\repository\com\baomidou\mybatis-plus-core\3.5.1\mybatis-plus-core-3.5.1.jar;D:\0\Java\maven\repository\com\baomidou\mybatis-plus-annotation\3.5.1\mybatis-plus-annotation-3.5.1.jar;D:\0\Java\maven\repository\com\github\jsqlparser\jsqlparser\4.3\jsqlparser-4.3.jar;D:\0\Java\maven\repository\org\mybatis\mybatis\3.5.9\mybatis-3.5.9.jar;D:\0\Java\maven\repository\org\mybatis\mybatis-spring\2.0.6\mybatis-spring-2.0.6.jar;D:\0\Java\maven\repository\org\springframework\boot\spring-boot-starter-jdbc\2.6.6\spring-boot-starter-jdbc-2.6.6.jar;D:\0\Java\maven\repository\com\zaxxer\HikariCP\4.0.3\HikariCP-4.0.3.jar;D:\0\Java\maven\repository\org\springframework\spring-jdbc\5.3.18\spring-jdbc-5.3.18.jar;D:\0\Java\maven\repository\org\springframework\spring-tx\5.3.18\spring-tx-5.3.18.jar;D:\0\Java\maven\repository\mysql\mysql-connector-java\8.0.16\mysql-connector-java-8.0.16.jar;D:\0\Java\maven\repository\io\springfox\springfox-swagger2\2.9.2\springfox-swagger2-2.9.2.jar;D:\0\Java\maven\repository\io\swagger\swagger-annotations\1.5.20\swagger-annotations-1.5.20.jar;D:\0\Java\maven\repository\io\swagger\swagger-models\1.5.20\swagger-models-1.5.20.jar;D:\0\Java\maven\repository\com\fasterxml\jackson\core\jackson-annotations\2.13.2\jackson-annotations-2.13.2.jar;D:\0\Java\maven\repository\io\springfox\springfox-spi\2.9.2\springfox-spi-2.9.2.jar;D:\0\Java\maven\repository\io\springfox\springfox-core\2.9.2\springfox-core-2.9.2.jar;D:\0\Java\maven\repository\io\springfox\springfox-schema\2.9.2\springfox-schema-2.9.2.jar;D:\0\Java\maven\repository\io\springfox\springfox-swagger-common\2.9.2\springfox-swagger-common-2.9.2.jar;D:\0\Java\maven\repository\io\springfox\springfox-spring-web\2.9.2\springfox-spring-web-2.9.2.jar;D:\0\Java\maven\repository\com\google\guava\guava\20.0\guava-20.0.jar;D:\0\Java\maven\repository\com\fasterxml\classmate\1.5.1\classmate-1.5.1.jar;D:\0\Java\maven\repository\org\slf4j\slf4j-api\1.7.36\slf4j-api-1.7.36.jar;D:\0\Java\maven\repository\org\springframework\plugin\spring-plugin-core\1.2.0.RELEASE\spring-plugin-core-1.2.0.RELEASE.jar;D:\0\Java\maven\repository\org\springframework\plugin\spring-plugin-metadata\1.2.0.RELEASE\spring-plugin-metadata-1.2.0.RELEASE.jar;D:\0\Java\maven\repository\org\mapstruct\mapstruct\1.2.0.Final\mapstruct-1.2.0.Final.jar;D:\0\Java\maven\repository\io\springfox\springfox-swagger-ui\2.9.2\springfox-swagger-ui-2.9.2.jar;"/>
    <property name="sun.cpu.endian" value="little"/>
    <property name="user.home" value="C:\Users\Administrator.DESKTOP-UAN7HTN"/>
    <property name="user.language" value="zh"/>
    <property name="java.specification.vendor" value="Oracle Corporation"/>
    <property name="java.version.date" value="2021-04-20"/>
    <property name="java.home" value="D:\0\Java\jdk11"/>
    <property name="file.separator" value="\"/>
    <property name="basedir" value="D:\0\Java\Java Project\fxj"/>
    <property name="java.vm.compressedOopsMode" value="Zero based"/>
    <property name="line.separator" value="&#10;"/>
    <property name="java.specification.name" value="Java Platform API Specification"/>
    <property name="java.vm.specification.vendor" value="Oracle Corporation"/>
    <property name="java.awt.graphicsenv" value="sun.awt.Win32GraphicsEnvironment"/>
    <property name="surefire.real.class.path" value="C:\Users\ADMINI~1.DES\AppData\Local\Temp\surefire433632275792922765\surefirebooter1432597169847592214.jar"/>
    <property name="user.script" value=""/>
    <property name="sun.management.compiler" value="HotSpot 64-Bit Tiered Compilers"/>
    <property name="java.runtime.version" value="11.0.11+9-LTS-194"/>
    <property name="user.name" value="Administrator"/>
    <property name="path.separator" value=";"/>
    <property name="os.version" value="10.0"/>
    <property name="java.runtime.name" value="Java(TM) SE Runtime Environment"/>
    <property name="file.encoding" value="GBK"/>
    <property name="java.vm.name" value="Java HotSpot(TM) 64-Bit Server VM"/>
    <property name="java.vendor.version" value="18.9"/>
    <property name="localRepository" value="D:\0\Java\maven\repository"/>
    <property name="java.vendor.url.bug" value="https://bugreport.java.com/bugreport/"/>
    <property name="java.io.tmpdir" value="C:\Users\ADMINI~1.DES\AppData\Local\Temp\"/>
    <property name="idea.version" value="2021.2.3"/>
    <property name="java.version" value="11.0.11"/>
    <property name="user.dir" value="D:\0\Java\Java Project\fxj"/>
    <property name="os.arch" value="amd64"/>
    <property name="java.vm.specification.name" value="Java Virtual Machine Specification"/>
    <property name="java.awt.printerjob" value="sun.awt.windows.WPrinterJob"/>
    <property name="sun.os.patch.level" value=""/>
    <property name="java.library.path" value="D:\0\Java\jdk11\bin;C:\windows\Sun\Java\bin;C:\windows\system32;C:\windows;C:\Program Files (x86)\Common Files\Oracle\Java\javapath;D:\0\Java\jdk11\bin;D:\0\Java\jdk11\jre\bin;C:\Users\Administrator.DESKTOP-UAN7HTN\AppData\Local\Programs\Python\Python39;D:\TDM-GCC-64\bin;D:\0\Java\maven\apache-maven-3.6.3\bin;D:\0\MySQL\MySQL Server 8.0.28\bin;D:\NodeJS\;D:\0IDE\PyCharm 2021.3.2\bin;;D:\0IDE\CLion 2021.3\bin;;D:\0IDE\IntelliJ IDEA 2021.2.3\bin;;D:\0\Python\Anaconda\Scripts;D:\0\Python\Anaconda;D:\0\Python\Anaconda\Library\bin;C:\Windows\System32;C:\Users\Administrator.DESKTOP-UAN7HTN\AppData\Local\Microsoft\WindowsApps;;D:\0IDE\Microsoft VS Code\bin;C:\Users\Administrator.DESKTOP-UAN7HTN\AppData\Roaming\npm;D:\0IDE\WebStorm 2022.1\bin;;."/>
    <property name="java.vendor" value="Oracle Corporation"/>
    <property name="java.vm.info" value="mixed mode"/>
    <property name="java.vm.version" value="11.0.11+9-LTS-194"/>
    <property name="sun.io.unicode.encoding" value="UnicodeLittle"/>
    <property name="java.class.version" value="55.0"/>
  </properties>
  <testcase name="contextLoads" classname="com.myweb.fxj.FxjApplicationTests" time="0.261"/>
</testsuite>